<?xml version="1.0" encoding="UTF-8"?>
<!-- Generated by org.testng.reporters.JUnitReportReporter -->
<testsuite hostname="Kavya" failures="0" tests="4" name="com.webmath.testcases.HomeLinkTest" time="59.530" errors="0" timestamp="2023-04-25T14:43:31 IST" skipped="0">
  <testcase classname="com.webmath.testcases.HomeLinkTest" name="validateHomeLink" time="10.970"/>
  <system-out/>
  <testcase classname="com.webmath.testcases.HomeLinkTest" name="validateMathHelpItemDropdown" time="16.799"/>
  <system-out/>
  <testcase classname="com.webmath.testcases.HomeLinkTest" name="validateMultiplicationTextbox" time="10.555"/>
  <system-out/>
  <testcase classname="com.webmath.testcases.HomeLinkTest" name="validateMultiplyButton" time="21.206"/>
  <system-out/>
</testsuite> <!-- com.webmath.testcases.HomeLinkTest -->
