<?xml version="1.0" encoding="UTF-8"?>
<!-- Generated by org.testng.reporters.JUnitReportReporter -->
<testsuite hostname="Kavya" failures="0" tests="3" name="com.webmath.testcases.AlgebraLinkTest" time="47.699" errors="0" timestamp="2023-04-25T14:43:31 IST" skipped="0">
  <testcase classname="com.webmath.testcases.AlgebraLinkTest" name="validateSquareRootsLink" time="13.857"/>
  <system-out/>
  <testcase classname="com.webmath.testcases.AlgebraLinkTest" name="validateSimplifyButton" time="21.322"/>
  <system-out/>
  <testcase classname="com.webmath.testcases.AlgebraLinkTest" name="validateAlgebraLink" time="12.520"/>
  <system-out/>
</testsuite> <!-- com.webmath.testcases.AlgebraLinkTest -->
