<?xml version="1.0" encoding="UTF-8"?>
<!-- Generated by org.testng.reporters.JUnitReportReporter -->
<testsuite hostname="Kavya" failures="0" tests="5" name="com.webmath.testcases.MathforEveryoneLinkTest" time="60.962" errors="0" timestamp="2023-04-25T14:43:31 IST" skipped="0">
  <testcase classname="com.webmath.testcases.MathforEveryoneLinkTest" name="validateWeighButton" time="12.794"/>
  <system-out/>
  <testcase classname="com.webmath.testcases.MathforEveryoneLinkTest" name="validateHelpTryingMathProblemLink" time="9.972"/>
  <system-out/>
  <testcase classname="com.webmath.testcases.MathforEveryoneLinkTest" name="validateMathforEveryoneLink" time="11.988"/>
  <system-out/>
  <testcase classname="com.webmath.testcases.MathforEveryoneLinkTest" name="validatePlanetDropdown" time="15.617"/>
  <system-out/>
  <testcase classname="com.webmath.testcases.MathforEveryoneLinkTest" name="validateWeightonAnotherPlanetlink" time="10.591"/>
  <system-out/>
</testsuite> <!-- com.webmath.testcases.MathforEveryoneLinkTest -->
